Base path: H:/Program Files/Unity/Editor/Data
Cmd: initializeCompiler
Cmd: compileComputeKernel
  api=4 insize=13402 outsize=67197 ok=1
Cmd: compileComputeKernel
  api=4 insize=13402 outsize=87685 ok=1
Cmd: compileComputeKernel
  api=4 insize=13402 outsize=17573 ok=1
Cmd: compileComputeKernel
  api=4 insize=13402 outsize=44281 ok=1
Cmd: compileComputeKernel
  api=4 insize=13402 outsize=19009 ok=1
Cmd: compileComputeKernel
  api=4 insize=13402 outsize=17481 ok=1
Cmd: compileComputeKernel
  api=4 insize=13402 outsize=25605 ok=1
Cmd: compileComputeKernel
  api=4 insize=13402 outsize=68305 ok=1
Cmd: compileComputeKernel
  api=4 insize=13402 outsize=27345 ok=1
Cmd: compileComputeKernel
  api=4 insize=13402 outsize=18241 ok=1
Cmd: compileComputeKernel
  api=4 insize=13402 outsize=26781 ok=1
Cmd: compileComputeKernel
  api=4 insize=13402 outsize=19893 ok=1
Cmd: compileComputeKernel
  api=4 insize=13402 outsize=18953 ok=1
Cmd: compileComputeKernel
  api=4 insize=13402 outsize=27845 ok=1
Cmd: compileComputeKernel
  api=4 insize=13402 outsize=18141 ok=1
Cmd: compileComputeKernel
  api=4 insize=13402 outsize=26425 ok=1
Cmd: compileComputeKernel
  api=4 insize=13402 outsize=69209 ok=1
Cmd: compileComputeKernel
  api=4 insize=19973 outsize=13877 ok=1
Cmd: compileComputeKernel
  api=4 insize=1836 outsize=645 ok=1
Cmd: compileComputeKernel
  api=4 insize=16785 outsize=14457 ok=1
Cmd: compileComputeKernel
  api=4 insize=17061 outsize=21393 ok=1
Cmd: compileComputeKernel
  api=4 insize=7569 outsize=2069 ok=1
Cmd: compileComputeKernel
  api=4 insize=2783 outsize=4089 ok=1
Cmd: compileComputeKernel
  api=4 insize=6056 outsize=12057 ok=1
Cmd: initializeCompiler
Unhandled exception: Protocol error - unexpected end of data (did the Editor crash?)

Quitting shader compiler process
