Base path: H:/Program Files/Unity/Editor/Data
Cmd: initializeCompiler
Cmd: compileComputeKernel
  api=4 insize=13402 outsize=86917 ok=1
Cmd: compileComputeKernel
  api=4 insize=13402 outsize=41621 ok=1
Cmd: compileComputeKernel
  api=4 insize=13402 outsize=17949 ok=1
Cmd: compileComputeKernel
  api=4 insize=13402 outsize=50405 ok=1
Cmd: compileComputeKernel
  api=4 insize=13402 outsize=19077 ok=1
Cmd: compileComputeKernel
  api=4 insize=13402 outsize=35125 ok=1
Cmd: compileComputeKernel
  api=4 insize=13402 outsize=51989 ok=1
Cmd: compileComputeKernel
  api=4 insize=13402 outsize=20157 ok=1
Cmd: compileComputeKernel
  api=4 insize=13402 outsize=17557 ok=1
Cmd: compileComputeKernel
  api=4 insize=13402 outsize=15917 ok=1
Cmd: compileComputeKernel
  api=4 insize=13402 outsize=24153 ok=1
Cmd: compileComputeKernel
  api=4 insize=13402 outsize=20749 ok=1
Cmd: compileComputeKernel
  api=4 insize=13402 outsize=35721 ok=1
Cmd: compileComputeKernel
  api=4 insize=13402 outsize=20177 ok=1
Cmd: compileComputeKernel
  api=4 insize=13402 outsize=29829 ok=1
Cmd: compileComputeKernel
  api=4 insize=13402 outsize=45125 ok=1
Cmd: compileComputeKernel
  api=4 insize=13402 outsize=19829 ok=1
Cmd: compileComputeKernel
  api=4 insize=13402 outsize=29737 ok=1
Cmd: compileComputeKernel
  api=4 insize=13402 outsize=44789 ok=1
Cmd: compileComputeKernel
  api=4 insize=19973 outsize=14953 ok=1
Cmd: compileComputeKernel
  api=4 insize=19973 outsize=15317 ok=1
Cmd: compileComputeKernel
  api=4 insize=2507 outsize=1329 ok=1
Cmd: compileComputeKernel
  api=4 insize=9894 outsize=9589 ok=1
Cmd: compileComputeKernel
  api=4 insize=1836 outsize=645 ok=1
Cmd: compileComputeKernel
  api=4 insize=16785 outsize=13589 ok=1
Cmd: compileComputeKernel
  api=4 insize=30861 outsize=209 ok=1
Cmd: compileComputeKernel
  api=4 insize=19712 outsize=26325 ok=1
Cmd: compileComputeKernel
  api=4 insize=6056 outsize=15353 ok=1
Cmd: compileComputeKernel
  api=4 insize=570 outsize=489 ok=1
Cmd: initializeCompiler
Unhandled exception: Protocol error - unexpected end of data (did the Editor crash?)

Quitting shader compiler process
